1666198640813:create table authors (
1666620170765:add-book -author genry -genre mistyc -title Something -comments WeryGood notbed betterthenlast
1666620193065:>add-book -author genry -genre mistyc -title Something -comments WeryGood
1666620293544:add-book -author genry -genre mistyc -title Something -comments WeryGood
1666620618819:-book -author genry -genre mistyc -title Something -comments WeryGood
1666620636878:add-book -author genry -genre mistyc -title Something -comments WeryGood
1666621529637:add-book -author genry -genre mistyc2 -title Something -comments WeryGood
1666621566184:print-books
1666621611807:add-book -author genry -genre mistyc2 -title Something -comments WeryGood
1666621710726:add-book -author genry2 -genre mistyc3 -title Something1 -comments WeryGood1
1666622100625:add-book -author genry -genre mistyc -title Something -comments WeryGood
1666622214801:print-books
1666622508398:@Getter
1666622517504:@Setterprint-books
1666622534004:print-books
1666623124264:@Getter
1666623126867:@Setters
1666623153511:print-books
1666623417199:add-book -author genry -genre mistyc -title Something -comments WeryGood
1666623426454:print books
1666623432765:print-books
1666623462404:add-book -author genry2 -genre mistyc4 -title Something34 -comments WeryGood5
1666623469393:print-books
